[2018-03-05 09:08:13] local.ERROR: exception 'Illuminate\Routing\Exceptions\UrlGenerationException' with message 'Missing required parameters for [Route: screenshot-del] [URI: report/{report}/issue/{issue}/screenshot/delete/{id}].' in /home/apoorva/html/laravel/sec-report/vendor/laravel/framework/src/Illuminate/Routing/Exceptions/UrlGenerationException.php:17
Stack trace:
#0 /home/apoorva/html/laravel/sec-report/vendor/laravel/framework/src/Illuminate/Routing/UrlGenerator.php(339): Illuminate\Routing\Exceptions\UrlGenerationException::forMissingParameters(Object(Illuminate\Routing\Route))
#1 /home/apoorva/html/laravel/sec-report/vendor/laravel/framework/src/Illuminate/Routing/UrlGenerator.php(311): Illuminate\Routing\UrlGenerator->toRoute(Object(Illuminate\Routing\Route), Array, true)
#2 /home/apoorva/html/laravel/sec-report/vendor/laravel/framework/src/Illuminate/Foundation/helpers.php(616): Illuminate\Routing\UrlGenerator->route('screenshot-del', Array, true)
#3 /home/apoorva/html/laravel/sec-report/storage/framework/views/afd1a9fd5c207b0ed46a231d8e216fd776f68580.php(38): route('screenshot-del', Array)
#4 /home/apoorva/html/laravel/sec-report/vendor/laravel/framework/src/Illuminate/View/Engines/PhpEngine.php(42): include('/home/apoorva/h...')
#5 /home/apoorva/html/laravel/sec-report/vendor/laravel/framework/src/Illuminate/View/Engines/CompilerEngine.php(59): Illuminate\View\Engines\PhpEngine->evaluatePath('/home/apoorva/h...', Array)
#6 /home/apoorva/html/laravel/sec-report/vendor/laravel/framework/src/Illuminate/View/View.php(149): Illuminate\View\Engines\CompilerEngine->get('/home/apoorva/h...', Array)
#7 /home/apoorva/html/laravel/sec-report/vendor/laravel/framework/src/Illuminate/View/View.php(120): Illuminate\View\View->getContents()
#8 /home/apoorva/html/laravel/sec-report/vendor/laravel/framework/src/Illuminate/View/View.php(85): Illuminate\View\View->renderContents()
#9 /home/apoorva/html/laravel/sec-report/vendor/laravel/framework/src/Illuminate/Http/Response.php(53): Illuminate\View\View->render()
#10 /home/apoorva/html/laravel/sec-report/vendor/symfony/http-foundation/Response.php(201): Illuminate\Http\Response->setContent(Object(Illuminate\View\View))
#11 /home/apoorva/html/laravel/sec-report/vendor/laravel/framework/src/Illuminate/Routing/Router.php(1085): Symfony\Component\HttpFoundation\Response->__construct(Object(Illuminate\View\View))
#12 /home/apoorva/html/laravel/sec-report/vendor/laravel/framework/src/Illuminate/Routing/ControllerDispatcher.php(95): Illuminate\Routing\Router->prepareResponse(Object(Illuminate\Http\Request), Object(Illuminate\View\View))
#13 [internal function]: Illuminate\Routing\ControllerDispatcher->Illuminate\Routing\{closure}(Object(Illuminate\Http\Request))
#14 /home/apoorva/html/laravel/sec-report/vendor/laravel/framework/src/Illuminate/Routing/Pipeline.php(52): call_user_func(Object(Closure), Object(Illuminate\Http\Request))
#15 /home/apoorva/html/laravel/sec-report/app/Http/Middleware/Authenticate.php(28): Illuminate\Routing\Pipeline->Illuminate\Routing\{closure}(Object(Illuminate\Http\Request))
#16 [internal function]: App\Http\Middleware\Authenticate->handle(Object(Illuminate\Http\Request), Object(Closure))
#17 /home/apoorva/html/laravel/sec-report/vendor/laravel/framework/src/Illuminate/Pipeline/Pipeline.php(136): call_user_func_array(Array, Array)
#18 [internal function]: Illuminate\Pipeline\Pipeline->Illuminate\Pipeline\{closure}(Object(Illuminate\Http\Request))
#19 /home/apoorva/html/laravel/sec-report/vendor/laravel/framework/src/Illuminate/Routing/Pipeline.php(32): call_user_func(Object(Closure), Object(Illuminate\Http\Request))
#20 [internal function]: Illuminate\Routing\Pipeline->Illuminate\Routing\{closure}(Object(Illuminate\Http\Request))
#21 /home/apoorva/html/laravel/sec-report/vendor/laravel/framework/src/Illuminate/Pipeline/Pipeline.php(103): call_user_func(Object(Closure), Object(Illuminate\Http\Request))
#22 /home/apoorva/html/laravel/sec-report/vendor/laravel/framework/src/Illuminate/Routing/ControllerDispatcher.php(96): Illuminate\Pipeline\Pipeline->then(Object(Closure))
#23 /home/apoorva/html/laravel/sec-report/vendor/laravel/framework/src/Illuminate/Routing/ControllerDispatcher.php(54): Illuminate\Routing\ControllerDispatcher->callWithinStack(Object(App\Http\Controllers\ScreenshotController), Object(Illuminate\Routing\Route), Object(Illuminate\Http\Request), 'index')
#24 /home/apoorva/html/laravel/sec-report/vendor/laravel/framework/src/Illuminate/Routing/Route.php(174): Illuminate\Routing\ControllerDispatcher->dispatch(Object(Illuminate\Routing\Route), Object(Illuminate\Http\Request), 'App\Http\Contro...', 'index')
#25 /home/apoorva/html/laravel/sec-report/vendor/laravel/framework/src/Illuminate/Routing/Route.php(140): Illuminate\Routing\Route->runController(Object(Illuminate\Http\Request))
#26 /home/apoorva/html/laravel/sec-report/vendor/laravel/framework/src/Illuminate/Routing/Router.php(724): Illuminate\Routing\Route->run(Object(Illuminate\Http\Request))
#27 [internal function]: Illuminate\Routing\Router->Illuminate\Routing\{closure}(Object(Illuminate\Http\Request))
#28 /home/apoorva/html/laravel/sec-report/vendor/laravel/framework/src/Illuminate/Routing/Pipeline.php(52): call_user_func(Object(Closure), Object(Illuminate\Http\Request))
#29 /home/apoorva/html/laravel/sec-report/app/Http/Middleware/ReporterMiddleware.php(22): Illuminate\Routing\Pipeline->Illuminate\Routing\{closure}(Object(Illuminate\Http\Request))
#30 [internal function]: App\Http\Middleware\ReporterMiddleware->handle(Object(Illuminate\Http\Request), Object(Closure))
#31 /home/apoorva/html/laravel/sec-report/vendor/laravel/framework/src/Illuminate/Pipeline/Pipeline.php(136): call_user_func_array(Array, Array)
#32 [internal function]: Illuminate\Pipeline\Pipeline->Illuminate\Pipeline\{closure}(Object(Illuminate\Http\Request))
#33 /home/apoorva/html/laravel/sec-report/vendor/laravel/framework/src/Illuminate/Routing/Pipeline.php(32): call_user_func(Object(Closure), Object(Illuminate\Http\Request))
#34 /home/apoorva/html/laravel/sec-report/vendor/laravel/framework/src/Illuminate/Foundation/Http/Middleware/VerifyCsrfToken.php(64): Illuminate\Routing\Pipeline->Illuminate\Routing\{closure}(Object(Illuminate\Http\Request))
#35 [internal function]: Illuminate\Foundation\Http\Middleware\VerifyCsrfToken->handle(Object(Illuminate\Http\Request), Object(Closure))
#36 /home/apoorva/html/laravel/sec-report/vendor/laravel/framework/src/Illuminate/Pipeline/Pipeline.php(136): call_user_func_array(Array, Array)
#37 [internal function]: Illuminate\Pipeline\Pipeline->Illuminate\Pipeline\{closure}(Object(Illuminate\Http\Request))
#38 /home/apoorva/html/laravel/sec-report/vendor/laravel/framework/src/Illuminate/Routing/Pipeline.php(32): call_user_func(Object(Closure), Object(Illuminate\Http\Request))
#39 /home/apoorva/html/laravel/sec-report/vendor/laravel/framework/src/Illuminate/View/Middleware/ShareErrorsFromSession.php(49): Illuminate\Routing\Pipeline->Illuminate\Routing\{closure}(Object(Illuminate\Http\Request))
#40 [internal function]: Illuminate\View\Middleware\ShareErrorsFromSession->handle(Object(Illuminate\Http\Request), Object(Closure))
#41 /home/apoorva/html/laravel/sec-report/vendor/laravel/framework/src/Illuminate/Pipeline/Pipeline.php(136): call_user_func_array(Array, Array)
#42 [internal function]: Illuminate\Pipeline\Pipeline->Illuminate\Pipeline\{closure}(Object(Illuminate\Http\Request))
#43 /home/apoorva/html/laravel/sec-report/vendor/laravel/framework/src/Illuminate/Routing/Pipeline.php(32): call_user_func(Object(Closure), Object(Illuminate\Http\Request))
#44 /home/apoorva/html/laravel/sec-report/vendor/laravel/framework/src/Illuminate/Session/Middleware/StartSession.php(64): Illuminate\Routing\Pipeline->Illuminate\Routing\{closure}(Object(Illuminate\Http\Request))
#45 [internal function]: Illuminate\Session\Middleware\StartSession->handle(Object(Illuminate\Http\Request), Object(Closure))
#46 /home/apoorva/html/laravel/sec-report/vendor/laravel/framework/src/Illuminate/Pipeline/Pipeline.php(136): call_user_func_array(Array, Array)
#47 [internal function]: Illuminate\Pipeline\Pipeline->Illuminate\Pipeline\{closure}(Object(Illuminate\Http\Request))
#48 /home/apoorva/html/laravel/sec-report/vendor/laravel/framework/src/Illuminate/Routing/Pipeline.php(32): call_user_func(Object(Closure), Object(Illuminate\Http\Request))
#49 /home/apoorva/html/laravel/sec-report/vendor/laravel/framework/src/Illuminate/Cookie/Middleware/AddQueuedCookiesToResponse.php(37): Illuminate\Routing\Pipeline->Illuminate\Routing\{closure}(Object(Illuminate\Http\Request))
#50 [internal function]: Illuminate\Cookie\Middleware\AddQueuedCookiesToResponse->handle(Object(Illuminate\Http\Request), Object(Closure))
#51 /home/apoorva/html/laravel/sec-report/vendor/laravel/framework/src/Illuminate/Pipeline/Pipeline.php(136): call_user_func_array(Array, Array)
#52 [internal function]: Illuminate\Pipeline\Pipeline->Illuminate\Pipeline\{closure}(Object(Illuminate\Http\Request))
#53 /home/apoorva/html/laravel/sec-report/vendor/laravel/framework/src/Illuminate/Routing/Pipeline.php(32): call_user_func(Object(Closure), Object(Illuminate\Http\Request))
#54 /home/apoorva/html/laravel/sec-report/vendor/laravel/framework/src/Illuminate/Cookie/Middleware/EncryptCookies.php(59): Illuminate\Routing\Pipeline->Illuminate\Routing\{closure}(Object(Illuminate\Http\Request))
#55 [internal function]: Illuminate\Cookie\Middleware\EncryptCookies->handle(Object(Illuminate\Http\Request), Object(Closure))
#56 /home/apoorva/html/laravel/sec-report/vendor/laravel/framework/src/Illuminate/Pipeline/Pipeline.php(136): call_user_func_array(Array, Array)
#57 [internal function]: Illuminate\Pipeline\Pipeline->Illuminate\Pipeline\{closure}(Object(Illuminate\Http\Request))
#58 /home/apoorva/html/laravel/sec-report/vendor/laravel/framework/src/Illuminate/Routing/Pipeline.php(32): call_user_func(Object(Closure), Object(Illuminate\Http\Request))
#59 [internal function]: Illuminate\Routing\Pipeline->Illuminate\Routing\{closure}(Object(Illuminate\Http\Request))
#60 /home/apoorva/html/laravel/sec-report/vendor/laravel/framework/src/Illuminate/Pipeline/Pipeline.php(103): call_user_func(Object(Closure), Object(Illuminate\Http\Request))
#61 /home/apoorva/html/laravel/sec-report/vendor/laravel/framework/src/Illuminate/Routing/Router.php(726): Illuminate\Pipeline\Pipeline->then(Object(Closure))
#62 /home/apoorva/html/laravel/sec-report/vendor/laravel/framework/src/Illuminate/Routing/Router.php(699): Illuminate\Routing\Router->runRouteWithinStack(Object(Illuminate\Routing\Route), Object(Illuminate\Http\Request))
#63 /home/apoorva/html/laravel/sec-report/vendor/laravel/framework/src/Illuminate/Routing/Router.php(675): Illuminate\Routing\Router->dispatchToRoute(Object(Illuminate\Http\Request))
#64 /home/apoorva/html/laravel/sec-report/vendor/laravel/framework/src/Illuminate/Foundation/Http/Kernel.php(246): Illuminate\Routing\Router->dispatch(Object(Illuminate\Http\Request))
#65 [internal function]: Illuminate\Foundation\Http\Kernel->Illuminate\Foundation\Http\{closure}(Object(Illuminate\Http\Request))
#66 /home/apoorva/html/laravel/sec-report/vendor/laravel/framework/src/Illuminate/Routing/Pipeline.php(52): call_user_func(Object(Closure), Object(Illuminate\Http\Request))
#67 /home/apoorva/html/laravel/sec-report/vendor/laravel/framework/src/Illuminate/Foundation/Http/Middleware/CheckForMaintenanceMode.php(44): Illuminate\Routing\Pipeline->Illuminate\Routing\{closure}(Object(Illuminate\Http\Request))
#68 [internal function]: Illuminate\Foundation\Http\Middleware\CheckForMaintenanceMode->handle(Object(Illuminate\Http\Request), Object(Closure))
#69 /home/apoorva/html/laravel/sec-report/vendor/laravel/framework/src/Illuminate/Pipeline/Pipeline.php(136): call_user_func_array(Array, Array)
#70 [internal function]: Illuminate\Pipeline\Pipeline->Illuminate\Pipeline\{closure}(Object(Illuminate\Http\Request))
#71 /home/apoorva/html/laravel/sec-report/vendor/laravel/framework/src/Illuminate/Routing/Pipeline.php(32): call_user_func(Object(Closure), Object(Illuminate\Http\Request))
#72 [internal function]: Illuminate\Routing\Pipeline->Illuminate\Routing\{closure}(Object(Illuminate\Http\Request))
#73 /home/apoorva/html/laravel/sec-report/vendor/laravel/framework/src/Illuminate/Pipeline/Pipeline.php(103): call_user_func(Object(Closure), Object(Illuminate\Http\Request))
#74 /home/apoorva/html/laravel/sec-report/vendor/laravel/framework/src/Illuminate/Foundation/Http/Kernel.php(132): Illuminate\Pipeline\Pipeline->then(Object(Closure))
#75 /home/apoorva/html/laravel/sec-report/vendor/laravel/framework/src/Illuminate/Foundation/Http/Kernel.php(99): Illuminate\Foundation\Http\Kernel->sendRequestThroughRouter(Object(Illuminate\Http\Request))
#76 /home/apoorva/html/laravel/sec-report/public/index.php(54): Illuminate\Foundation\Http\Kernel->handle(Object(Illuminate\Http\Request))
#77 {main}

Next exception 'ErrorException' with message 'Missing required parameters for [Route: screenshot-del] [URI: report/{report}/issue/{issue}/screenshot/delete/{id}]. (View: /home/apoorva/html/laravel/sec-report/resources/views/screenshot/list.blade.php)' in /home/apoorva/html/laravel/sec-report/vendor/laravel/framework/src/Illuminate/Routing/Exceptions/UrlGenerationException.php:17
Stack trace:
#0 /home/apoorva/html/laravel/sec-report/vendor/laravel/framework/src/Illuminate/View/Engines/PhpEngine.php(44): Illuminate\View\Engines\CompilerEngine->handleViewException(Object(Illuminate\Routing\Exceptions\UrlGenerationException), 1)
#1 /home/apoorva/html/laravel/sec-report/vendor/laravel/framework/src/Illuminate/View/Engines/CompilerEngine.php(59): Illuminate\View\Engines\PhpEngine->evaluatePath('/home/apoorva/h...', Array)
#2 /home/apoorva/html/laravel/sec-report/vendor/laravel/framework/src/Illuminate/View/View.php(149): Illuminate\View\Engines\CompilerEngine->get('/home/apoorva/h...', Array)
#3 /home/apoorva/html/laravel/sec-report/vendor/laravel/framework/src/Illuminate/View/View.php(120): Illuminate\View\View->getContents()
#4 /home/apoorva/html/laravel/sec-report/vendor/laravel/framework/src/Illuminate/View/View.php(85): Illuminate\View\View->renderContents()
#5 /home/apoorva/html/laravel/sec-report/vendor/laravel/framework/src/Illuminate/Http/Response.php(53): Illuminate\View\View->render()
#6 /home/apoorva/html/laravel/sec-report/vendor/symfony/http-foundation/Response.php(201): Illuminate\Http\Response->setContent(Object(Illuminate\View\View))
#7 /home/apoorva/html/laravel/sec-report/vendor/laravel/framework/src/Illuminate/Routing/Router.php(1085): Symfony\Component\HttpFoundation\Response->__construct(Object(Illuminate\View\View))
#8 /home/apoorva/html/laravel/sec-report/vendor/laravel/framework/src/Illuminate/Routing/ControllerDispatcher.php(95): Illuminate\Routing\Router->prepareResponse(Object(Illuminate\Http\Request), Object(Illuminate\View\View))
#9 [internal function]: Illuminate\Routing\ControllerDispatcher->Illuminate\Routing\{closure}(Object(Illuminate\Http\Request))
#10 /home/apoorva/html/laravel/sec-report/vendor/laravel/framework/src/Illuminate/Routing/Pipeline.php(52): call_user_func(Object(Closure), Object(Illuminate\Http\Request))
#11 /home/apoorva/html/laravel/sec-report/app/Http/Middleware/Authenticate.php(28): Illuminate\Routing\Pipeline->Illuminate\Routing\{closure}(Object(Illuminate\Http\Request))
#12 [internal function]: App\Http\Middleware\Authenticate->handle(Object(Illuminate\Http\Request), Object(Closure))
#13 /home/apoorva/html/laravel/sec-report/vendor/laravel/framework/src/Illuminate/Pipeline/Pipeline.php(136): call_user_func_array(Array, Array)
#14 [internal function]: Illuminate\Pipeline\Pipeline->Illuminate\Pipeline\{closure}(Object(Illuminate\Http\Request))
#15 /home/apoorva/html/laravel/sec-report/vendor/laravel/framework/src/Illuminate/Routing/Pipeline.php(32): call_user_func(Object(Closure), Object(Illuminate\Http\Request))
#16 [internal function]: Illuminate\Routing\Pipeline->Illuminate\Routing\{closure}(Object(Illuminate\Http\Request))
#17 /home/apoorva/html/laravel/sec-report/vendor/laravel/framework/src/Illuminate/Pipeline/Pipeline.php(103): call_user_func(Object(Closure), Object(Illuminate\Http\Request))
#18 /home/apoorva/html/laravel/sec-report/vendor/laravel/framework/src/Illuminate/Routing/ControllerDispatcher.php(96): Illuminate\Pipeline\Pipeline->then(Object(Closure))
#19 /home/apoorva/html/laravel/sec-report/vendor/laravel/framework/src/Illuminate/Routing/ControllerDispatcher.php(54): Illuminate\Routing\ControllerDispatcher->callWithinStack(Object(App\Http\Controllers\ScreenshotController), Object(Illuminate\Routing\Route), Object(Illuminate\Http\Request), 'index')
#20 /home/apoorva/html/laravel/sec-report/vendor/laravel/framework/src/Illuminate/Routing/Route.php(174): Illuminate\Routing\ControllerDispatcher->dispatch(Object(Illuminate\Routing\Route), Object(Illuminate\Http\Request), 'App\Http\Contro...', 'index')
#21 /home/apoorva/html/laravel/sec-report/vendor/laravel/framework/src/Illuminate/Routing/Route.php(140): Illuminate\Routing\Route->runController(Object(Illuminate\Http\Request))
#22 /home/apoorva/html/laravel/sec-report/vendor/laravel/framework/src/Illuminate/Routing/Router.php(724): Illuminate\Routing\Route->run(Object(Illuminate\Http\Request))
#23 [internal function]: Illuminate\Routing\Router->Illuminate\Routing\{closure}(Object(Illuminate\Http\Request))
#24 /home/apoorva/html/laravel/sec-report/vendor/laravel/framework/src/Illuminate/Routing/Pipeline.php(52): call_user_func(Object(Closure), Object(Illuminate\Http\Request))
#25 /home/apoorva/html/laravel/sec-report/app/Http/Middleware/ReporterMiddleware.php(22): Illuminate\Routing\Pipeline->Illuminate\Routing\{closure}(Object(Illuminate\Http\Request))
#26 [internal function]: App\Http\Middleware\ReporterMiddleware->handle(Object(Illuminate\Http\Request), Object(Closure))
#27 /home/apoorva/html/laravel/sec-report/vendor/laravel/framework/src/Illuminate/Pipeline/Pipeline.php(136): call_user_func_array(Array, Array)
#28 [internal function]: Illuminate\Pipeline\Pipeline->Illuminate\Pipeline\{closure}(Object(Illuminate\Http\Request))
#29 /home/apoorva/html/laravel/sec-report/vendor/laravel/framework/src/Illuminate/Routing/Pipeline.php(32): call_user_func(Object(Closure), Object(Illuminate\Http\Request))
#30 /home/apoorva/html/laravel/sec-report/vendor/laravel/framework/src/Illuminate/Foundation/Http/Middleware/VerifyCsrfToken.php(64): Illuminate\Routing\Pipeline->Illuminate\Routing\{closure}(Object(Illuminate\Http\Request))
#31 [internal function]: Illuminate\Foundation\Http\Middleware\VerifyCsrfToken->handle(Object(Illuminate\Http\Request), Object(Closure))
#32 /home/apoorva/html/laravel/sec-report/vendor/laravel/framework/src/Illuminate/Pipeline/Pipeline.php(136): call_user_func_array(Array, Array)
#33 [internal function]: Illuminate\Pipeline\Pipeline->Illuminate\Pipeline\{closure}(Object(Illuminate\Http\Request))
#34 /home/apoorva/html/laravel/sec-report/vendor/laravel/framework/src/Illuminate/Routing/Pipeline.php(32): call_user_func(Object(Closure), Object(Illuminate\Http\Request))
#35 /home/apoorva/html/laravel/sec-report/vendor/laravel/framework/src/Illuminate/View/Middleware/ShareErrorsFromSession.php(49): Illuminate\Routing\Pipeline->Illuminate\Routing\{closure}(Object(Illuminate\Http\Request))
#36 [internal function]: Illuminate\View\Middleware\ShareErrorsFromSession->handle(Object(Illuminate\Http\Request), Object(Closure))
#37 /home/apoorva/html/laravel/sec-report/vendor/laravel/framework/src/Illuminate/Pipeline/Pipeline.php(136): call_user_func_array(Array, Array)
#38 [internal function]: Illuminate\Pipeline\Pipeline->Illuminate\Pipeline\{closure}(Object(Illuminate\Http\Request))
#39 /home/apoorva/html/laravel/sec-report/vendor/laravel/framework/src/Illuminate/Routing/Pipeline.php(32): call_user_func(Object(Closure), Object(Illuminate\Http\Request))
#40 /home/apoorva/html/laravel/sec-report/vendor/laravel/framework/src/Illuminate/Session/Middleware/StartSession.php(64): Illuminate\Routing\Pipeline->Illuminate\Routing\{closure}(Object(Illuminate\Http\Request))
#41 [internal function]: Illuminate\Session\Middleware\StartSession->handle(Object(Illuminate\Http\Request), Object(Closure))
#42 /home/apoorva/html/laravel/sec-report/vendor/laravel/framework/src/Illuminate/Pipeline/Pipeline.php(136): call_user_func_array(Array, Array)
#43 [internal function]: Illuminate\Pipeline\Pipeline->Illuminate\Pipeline\{closure}(Object(Illuminate\Http\Request))
#44 /home/apoorva/html/laravel/sec-report/vendor/laravel/framework/src/Illuminate/Routing/Pipeline.php(32): call_user_func(Object(Closure), Object(Illuminate\Http\Request))
#45 /home/apoorva/html/laravel/sec-report/vendor/laravel/framework/src/Illuminate/Cookie/Middleware/AddQueuedCookiesToResponse.php(37): Illuminate\Routing\Pipeline->Illuminate\Routing\{closure}(Object(Illuminate\Http\Request))
#46 [internal function]: Illuminate\Cookie\Middleware\AddQueuedCookiesToResponse->handle(Object(Illuminate\Http\Request), Object(Closure))
#47 /home/apoorva/html/laravel/sec-report/vendor/laravel/framework/src/Illuminate/Pipeline/Pipeline.php(136): call_user_func_array(Array, Array)
#48 [internal function]: Illuminate\Pipeline\Pipeline->Illuminate\Pipeline\{closure}(Object(Illuminate\Http\Request))
#49 /home/apoorva/html/laravel/sec-report/vendor/laravel/framework/src/Illuminate/Routing/Pipeline.php(32): call_user_func(Object(Closure), Object(Illuminate\Http\Request))
#50 /home/apoorva/html/laravel/sec-report/vendor/laravel/framework/src/Illuminate/Cookie/Middleware/EncryptCookies.php(59): Illuminate\Routing\Pipeline->Illuminate\Routing\{closure}(Object(Illuminate\Http\Request))
#51 [internal function]: Illuminate\Cookie\Middleware\EncryptCookies->handle(Object(Illuminate\Http\Request), Object(Closure))
#52 /home/apoorva/html/laravel/sec-report/vendor/laravel/framework/src/Illuminate/Pipeline/Pipeline.php(136): call_user_func_array(Array, Array)
#53 [internal function]: Illuminate\Pipeline\Pipeline->Illuminate\Pipeline\{closure}(Object(Illuminate\Http\Request))
#54 /home/apoorva/html/laravel/sec-report/vendor/laravel/framework/src/Illuminate/Routing/Pipeline.php(32): call_user_func(Object(Closure), Object(Illuminate\Http\Request))
#55 [internal function]: Illuminate\Routing\Pipeline->Illuminate\Routing\{closure}(Object(Illuminate\Http\Request))
#56 /home/apoorva/html/laravel/sec-report/vendor/laravel/framework/src/Illuminate/Pipeline/Pipeline.php(103): call_user_func(Object(Closure), Object(Illuminate\Http\Request))
#57 /home/apoorva/html/laravel/sec-report/vendor/laravel/framework/src/Illuminate/Routing/Router.php(726): Illuminate\Pipeline\Pipeline->then(Object(Closure))
#58 /home/apoorva/html/laravel/sec-report/vendor/laravel/framework/src/Illuminate/Routing/Router.php(699): Illuminate\Routing\Router->runRouteWithinStack(Object(Illuminate\Routing\Route), Object(Illuminate\Http\Request))
#59 /home/apoorva/html/laravel/sec-report/vendor/laravel/framework/src/Illuminate/Routing/Router.php(675): Illuminate\Routing\Router->dispatchToRoute(Object(Illuminate\Http\Request))
#60 /home/apoorva/html/laravel/sec-report/vendor/laravel/framework/src/Illuminate/Foundation/Http/Kernel.php(246): Illuminate\Routing\Router->dispatch(Object(Illuminate\Http\Request))
#61 [internal function]: Illuminate\Foundation\Http\Kernel->Illuminate\Foundation\Http\{closure}(Object(Illuminate\Http\Request))
#62 /home/apoorva/html/laravel/sec-report/vendor/laravel/framework/src/Illuminate/Routing/Pipeline.php(52): call_user_func(Object(Closure), Object(Illuminate\Http\Request))
#63 /home/apoorva/html/laravel/sec-report/vendor/laravel/framework/src/Illuminate/Foundation/Http/Middleware/CheckForMaintenanceMode.php(44): Illuminate\Routing\Pipeline->Illuminate\Routing\{closure}(Object(Illuminate\Http\Request))
#64 [internal function]: Illuminate\Foundation\Http\Middleware\CheckForMaintenanceMode->handle(Object(Illuminate\Http\Request), Object(Closure))
#65 /home/apoorva/html/laravel/sec-report/vendor/laravel/framework/src/Illuminate/Pipeline/Pipeline.php(136): call_user_func_array(Array, Array)
#66 [internal function]: Illuminate\Pipeline\Pipeline->Illuminate\Pipeline\{closure}(Object(Illuminate\Http\Request))
#67 /home/apoorva/html/laravel/sec-report/vendor/laravel/framework/src/Illuminate/Routing/Pipeline.php(32): call_user_func(Object(Closure), Object(Illuminate\Http\Request))
#68 [internal function]: Illuminate\Routing\Pipeline->Illuminate\Routing\{closure}(Object(Illuminate\Http\Request))
#69 /home/apoorva/html/laravel/sec-report/vendor/laravel/framework/src/Illuminate/Pipeline/Pipeline.php(103): call_user_func(Object(Closure), Object(Illuminate\Http\Request))
#70 /home/apoorva/html/laravel/sec-report/vendor/laravel/framework/src/Illuminate/Foundation/Http/Kernel.php(132): Illuminate\Pipeline\Pipeline->then(Object(Closure))
#71 /home/apoorva/html/laravel/sec-report/vendor/laravel/framework/src/Illuminate/Foundation/Http/Kernel.php(99): Illuminate\Foundation\Http\Kernel->sendRequestThroughRouter(Object(Illuminate\Http\Request))
#72 /home/apoorva/html/laravel/sec-report/public/index.php(54): Illuminate\Foundation\Http\Kernel->handle(Object(Illuminate\Http\Request))
#73 {main}  
[2018-03-05 09:19:44] local.ERROR: exception 'Symfony\Component\Debug\Exception\FatalErrorException' with message 'syntax error, unexpected ';'' in /home/apoorva/html/laravel/sec-report/storage/framework/views/afd1a9fd5c207b0ed46a231d8e216fd776f68580.php:35
Stack trace:
#0 /home/apoorva/html/laravel/sec-report/vendor/laravel/framework/src/Illuminate/Foundation/Bootstrap/HandleExceptions.php(133): Symfony\Component\Debug\Exception\FatalErrorException->__construct()
#1 /home/apoorva/html/laravel/sec-report/vendor/laravel/framework/src/Illuminate/Foundation/Bootstrap/HandleExceptions.php(118): Illuminate\Foundation\Bootstrap\HandleExceptions->fatalExceptionFromError()
#2 /home/apoorva/html/laravel/sec-report/vendor/laravel/framework/src/Illuminate/Foundation/Bootstrap/HandleExceptions.php(0): Illuminate\Foundation\Bootstrap\HandleExceptions->handleShutdown()
#3 /home/apoorva/html/laravel/sec-report/vendor/laravel/framework/src/Illuminate/View/Engines/CompilerEngine.php(59): Illuminate\View\Engines\PhpEngine->evaluatePath()
#4 /home/apoorva/html/laravel/sec-report/vendor/laravel/framework/src/Illuminate/View/View.php(149): Illuminate\View\Engines\CompilerEngine->get()
#5 /home/apoorva/html/laravel/sec-report/vendor/laravel/framework/src/Illuminate/View/View.php(120): Illuminate\View\View->getContents()
#6 /home/apoorva/html/laravel/sec-report/vendor/laravel/framework/src/Illuminate/View/View.php(85): Illuminate\View\View->renderContents()
#7 /home/apoorva/html/laravel/sec-report/vendor/laravel/framework/src/Illuminate/Http/Response.php(53): Illuminate\View\View->render()
#8 /home/apoorva/html/laravel/sec-report/vendor/symfony/http-foundation/Response.php(201): Illuminate\Http\Response->setContent()
#9 /home/apoorva/html/laravel/sec-report/vendor/laravel/framework/src/Illuminate/Routing/Router.php(1085): Symfony\Component\HttpFoundation\Response->__construct()
#10 /home/apoorva/html/laravel/sec-report/vendor/laravel/framework/src/Illuminate/Routing/ControllerDispatcher.php(95): Illuminate\Routing\Router->prepareResponse()
#11 /home/apoorva/html/laravel/sec-report/vendor/laravel/framework/src/Illuminate/Routing/Pipeline.php(52): Illuminate\Routing\ControllerDispatcher->Illuminate\Routing\{closure}()
#12 /home/apoorva/html/laravel/sec-report/vendor/laravel/framework/src/Illuminate/Routing/Pipeline.php(52): call_user_func()
#13 /home/apoorva/html/laravel/sec-report/app/Http/Middleware/Authenticate.php(28): Illuminate\Routing\Pipeline->Illuminate\Routing\{closure}()
#14 /home/apoorva/html/laravel/sec-report/vendor/laravel/framework/src/Illuminate/Pipeline/Pipeline.php(136): App\Http\Middleware\Authenticate->handle()
#15 /home/apoorva/html/laravel/sec-report/vendor/laravel/framework/src/Illuminate/Pipeline/Pipeline.php(136): call_user_func_array()
#16 /home/apoorva/html/laravel/sec-report/vendor/laravel/framework/src/Illuminate/Routing/Pipeline.php(32): Illuminate\Pipeline\Pipeline->Illuminate\Pipeline\{closure}()
#17 /home/apoorva/html/laravel/sec-report/vendor/laravel/framework/src/Illuminate/Routing/Pipeline.php(32): call_user_func()
#18 /home/apoorva/html/laravel/sec-report/vendor/laravel/framework/src/Illuminate/Pipeline/Pipeline.php(103): Illuminate\Routing\Pipeline->Illuminate\Routing\{closure}()
#19 /home/apoorva/html/laravel/sec-report/vendor/laravel/framework/src/Illuminate/Pipeline/Pipeline.php(103): call_user_func()
#20 /home/apoorva/html/laravel/sec-report/vendor/laravel/framework/src/Illuminate/Routing/ControllerDispatcher.php(96): Illuminate\Pipeline\Pipeline->then()
#21 /home/apoorva/html/laravel/sec-report/vendor/laravel/framework/src/Illuminate/Routing/ControllerDispatcher.php(54): Illuminate\Routing\ControllerDispatcher->callWithinStack()
#22 /home/apoorva/html/laravel/sec-report/vendor/laravel/framework/src/Illuminate/Routing/Route.php(174): Illuminate\Routing\ControllerDispatcher->dispatch()
#23 /home/apoorva/html/laravel/sec-report/vendor/laravel/framework/src/Illuminate/Routing/Route.php(140): Illuminate\Routing\Route->runController()
#24 /home/apoorva/html/laravel/sec-report/vendor/laravel/framework/src/Illuminate/Routing/Router.php(724): Illuminate\Routing\Route->run()
#25 /home/apoorva/html/laravel/sec-report/vendor/laravel/framework/src/Illuminate/Routing/Pipeline.php(52): Illuminate\Routing\Router->Illuminate\Routing\{closure}()
#26 /home/apoorva/html/laravel/sec-report/vendor/laravel/framework/src/Illuminate/Routing/Pipeline.php(52): call_user_func()
#27 /home/apoorva/html/laravel/sec-report/app/Http/Middleware/ReporterMiddleware.php(22): Illuminate\Routing\Pipeline->Illuminate\Routing\{closure}()
#28 /home/apoorva/html/laravel/sec-report/vendor/laravel/framework/src/Illuminate/Pipeline/Pipeline.php(136): App\Http\Middleware\ReporterMiddleware->handle()
#29 /home/apoorva/html/laravel/sec-report/vendor/laravel/framework/src/Illuminate/Pipeline/Pipeline.php(136): call_user_func_array()
#30 /home/apoorva/html/laravel/sec-report/vendor/laravel/framework/src/Illuminate/Routing/Pipeline.php(32): Illuminate\Pipeline\Pipeline->Illuminate\Pipeline\{closure}()
#31 /home/apoorva/html/laravel/sec-report/vendor/laravel/framework/src/Illuminate/Routing/Pipeline.php(32): call_user_func()
#32 /home/apoorva/html/laravel/sec-report/vendor/laravel/framework/src/Illuminate/Foundation/Http/Middleware/VerifyCsrfToken.php(64): Illuminate\Routing\Pipeline->Illuminate\Routing\{closure}()
#33 /home/apoorva/html/laravel/sec-report/vendor/laravel/framework/src/Illuminate/Pipeline/Pipeline.php(136): Illuminate\Foundation\Http\Middleware\VerifyCsrfToken->handle()
#34 /home/apoorva/html/laravel/sec-report/vendor/laravel/framework/src/Illuminate/Pipeline/Pipeline.php(136): call_user_func_array()
#35 /home/apoorva/html/laravel/sec-report/vendor/laravel/framework/src/Illuminate/Routing/Pipeline.php(32): Illuminate\Pipeline\Pipeline->Illuminate\Pipeline\{closure}()
#36 /home/apoorva/html/laravel/sec-report/vendor/laravel/framework/src/Illuminate/Routing/Pipeline.php(32): call_user_func()
#37 /home/apoorva/html/laravel/sec-report/vendor/laravel/framework/src/Illuminate/View/Middleware/ShareErrorsFromSession.php(49): Illuminate\Routing\Pipeline->Illuminate\Routing\{closure}()
#38 /home/apoorva/html/laravel/sec-report/vendor/laravel/framework/src/Illuminate/Pipeline/Pipeline.php(136): Illuminate\View\Middleware\ShareErrorsFromSession->handle()
#39 /home/apoorva/html/laravel/sec-report/vendor/laravel/framework/src/Illuminate/Pipeline/Pipeline.php(136): call_user_func_array()
#40 /home/apoorva/html/laravel/sec-report/vendor/laravel/framework/src/Illuminate/Routing/Pipeline.php(32): Illuminate\Pipeline\Pipeline->Illuminate\Pipeline\{closure}()
#41 /home/apoorva/html/laravel/sec-report/vendor/laravel/framework/src/Illuminate/Routing/Pipeline.php(32): call_user_func()
#42 /home/apoorva/html/laravel/sec-report/vendor/laravel/framework/src/Illuminate/Session/Middleware/StartSession.php(64): Illuminate\Routing\Pipeline->Illuminate\Routing\{closure}()
#43 /home/apoorva/html/laravel/sec-report/vendor/laravel/framework/src/Illuminate/Pipeline/Pipeline.php(136): Illuminate\Session\Middleware\StartSession->handle()
#44 /home/apoorva/html/laravel/sec-report/vendor/laravel/framework/src/Illuminate/Pipeline/Pipeline.php(136): call_user_func_array()
#45 /home/apoorva/html/laravel/sec-report/vendor/laravel/framework/src/Illuminate/Routing/Pipeline.php(32): Illuminate\Pipeline\Pipeline->Illuminate\Pipeline\{closure}()
#46 /home/apoorva/html/laravel/sec-report/vendor/laravel/framework/src/Illuminate/Routing/Pipeline.php(32): call_user_func()
#47 /home/apoorva/html/laravel/sec-report/vendor/laravel/framework/src/Illuminate/Cookie/Middleware/AddQueuedCookiesToResponse.php(37): Illuminate\Routing\Pipeline->Illuminate\Routing\{closure}()
#48 /home/apoorva/html/laravel/sec-report/vendor/laravel/framework/src/Illuminate/Pipeline/Pipeline.php(136): Illuminate\Cookie\Middleware\AddQueuedCookiesToResponse->handle()
#49 /home/apoorva/html/laravel/sec-report/vendor/laravel/framework/src/Illuminate/Pipeline/Pipeline.php(136): call_user_func_array()
#50 /home/apoorva/html/laravel/sec-report/vendor/laravel/framework/src/Illuminate/Routing/Pipeline.php(32): Illuminate\Pipeline\Pipeline->Illuminate\Pipeline\{closure}()
#51 /home/apoorva/html/laravel/sec-report/vendor/laravel/framework/src/Illuminate/Routing/Pipeline.php(32): call_user_func()
#52 /home/apoorva/html/laravel/sec-report/vendor/laravel/framework/src/Illuminate/Cookie/Middleware/EncryptCookies.php(59): Illuminate\Routing\Pipeline->Illuminate\Routing\{closure}()
#53 /home/apoorva/html/laravel/sec-report/vendor/laravel/framework/src/Illuminate/Pipeline/Pipeline.php(136): Illuminate\Cookie\Middleware\EncryptCookies->handle()
#54 /home/apoorva/html/laravel/sec-report/vendor/laravel/framework/src/Illuminate/Pipeline/Pipeline.php(136): call_user_func_array()
#55 /home/apoorva/html/laravel/sec-report/vendor/laravel/framework/src/Illuminate/Routing/Pipeline.php(32): Illuminate\Pipeline\Pipeline->Illuminate\Pipeline\{closure}()
#56 /home/apoorva/html/laravel/sec-report/vendor/laravel/framework/src/Illuminate/Routing/Pipeline.php(32): call_user_func()
#57 /home/apoorva/html/laravel/sec-report/vendor/laravel/framework/src/Illuminate/Pipeline/Pipeline.php(103): Illuminate\Routing\Pipeline->Illuminate\Routing\{closure}()
#58 /home/apoorva/html/laravel/sec-report/vendor/laravel/framework/src/Illuminate/Pipeline/Pipeline.php(103): call_user_func()
#59 /home/apoorva/html/laravel/sec-report/vendor/laravel/framework/src/Illuminate/Routing/Router.php(726): Illuminate\Pipeline\Pipeline->then()
#60 /home/apoorva/html/laravel/sec-report/vendor/laravel/framework/src/Illuminate/Routing/Router.php(699): Illuminate\Routing\Router->runRouteWithinStack()
#61 /home/apoorva/html/laravel/sec-report/vendor/laravel/framework/src/Illuminate/Routing/Router.php(675): Illuminate\Routing\Router->dispatchToRoute()
#62 /home/apoorva/html/laravel/sec-report/vendor/laravel/framework/src/Illuminate/Foundation/Http/Kernel.php(246): Illuminate\Routing\Router->dispatch()
#63 /home/apoorva/html/laravel/sec-report/vendor/laravel/framework/src/Illuminate/Routing/Pipeline.php(52): Illuminate\Foundation\Http\Kernel->Illuminate\Foundation\Http\{closure}()
#64 /home/apoorva/html/laravel/sec-report/vendor/laravel/framework/src/Illuminate/Routing/Pipeline.php(52): call_user_func()
#65 /home/apoorva/html/laravel/sec-report/vendor/laravel/framework/src/Illuminate/Foundation/Http/Middleware/CheckForMaintenanceMode.php(44): Illuminate\Routing\Pipeline->Illuminate\Routing\{closure}()
#66 /home/apoorva/html/laravel/sec-report/vendor/laravel/framework/src/Illuminate/Pipeline/Pipeline.php(136): Illuminate\Foundation\Http\Middleware\CheckForMaintenanceMode->handle()
#67 /home/apoorva/html/laravel/sec-report/vendor/laravel/framework/src/Illuminate/Pipeline/Pipeline.php(136): call_user_func_array()
#68 /home/apoorva/html/laravel/sec-report/vendor/laravel/framework/src/Illuminate/Routing/Pipeline.php(32): Illuminate\Pipeline\Pipeline->Illuminate\Pipeline\{closure}()
#69 /home/apoorva/html/laravel/sec-report/vendor/laravel/framework/src/Illuminate/Routing/Pipeline.php(32): call_user_func()
#70 /home/apoorva/html/laravel/sec-report/vendor/laravel/framework/src/Illuminate/Pipeline/Pipeline.php(103): Illuminate\Routing\Pipeline->Illuminate\Routing\{closure}()
#71 /home/apoorva/html/laravel/sec-report/vendor/laravel/framework/src/Illuminate/Pipeline/Pipeline.php(103): call_user_func()
#72 /home/apoorva/html/laravel/sec-report/vendor/laravel/framework/src/Illuminate/Foundation/Http/Kernel.php(132): Illuminate\Pipeline\Pipeline->then()
#73 /home/apoorva/html/laravel/sec-report/vendor/laravel/framework/src/Illuminate/Foundation/Http/Kernel.php(99): Illuminate\Foundation\Http\Kernel->sendRequestThroughRouter()
#74 /home/apoorva/html/laravel/sec-report/public/index.php(54): Illuminate\Foundation\Http\Kernel->handle()
#75 /home/apoorva/html/laravel/sec-report/public/index.php(0): {main}()
#76 {main}  
[2018-03-07 06:31:14] local.ERROR: exception 'InvalidArgumentException' with message 'A CreateUsersTable migration already exists.' in /home/apoorva/html/laravel/sec-report/vendor/laravel/framework/src/Illuminate/Database/Migrations/MigrationCreator.php:76
Stack trace:
#0 /home/apoorva/html/laravel/sec-report/vendor/laravel/framework/src/Illuminate/Database/Migrations/MigrationCreator.php(49): Illuminate\Database\Migrations\MigrationCreator->ensureMigrationDoesntAlreadyExist('create_users_ta...')
#1 /home/apoorva/html/laravel/sec-report/vendor/laravel/framework/src/Illuminate/Database/Console/Migrations/MigrateMakeCommand.php(98): Illuminate\Database\Migrations\MigrationCreator->create('create_users_ta...', '/home/apoorva/h...', 'severities', true)
#2 /home/apoorva/html/laravel/sec-report/vendor/laravel/framework/src/Illuminate/Database/Console/Migrations/MigrateMakeCommand.php(81): Illuminate\Database\Console\Migrations\MigrateMakeCommand->writeMigration('create_users_ta...', 'severities', true)
#3 [internal function]: Illuminate\Database\Console\Migrations\MigrateMakeCommand->fire()
#4 /home/apoorva/html/laravel/sec-report/vendor/laravel/framework/src/Illuminate/Container/Container.php(507): call_user_func_array(Array, Array)
#5 /home/apoorva/html/laravel/sec-report/vendor/laravel/framework/src/Illuminate/Console/Command.php(169): Illuminate\Container\Container->call(Array)
#6 /home/apoorva/html/laravel/sec-report/vendor/symfony/console/Command/Command.php(256): Illuminate\Console\Command->execute(Object(Symfony\Component\Console\Input\ArgvInput), Object(Symfony\Component\Console\Output\ConsoleOutput))
#7 /home/apoorva/html/laravel/sec-report/vendor/laravel/framework/src/Illuminate/Console/Command.php(155): Symfony\Component\Console\Command\Command->run(Object(Symfony\Component\Console\Input\ArgvInput), Object(Symfony\Component\Console\Output\ConsoleOutput))
#8 /home/apoorva/html/laravel/sec-report/vendor/symfony/console/Application.php(794): Illuminate\Console\Command->run(Object(Symfony\Component\Console\Input\ArgvInput), Object(Symfony\Component\Console\Output\ConsoleOutput))
#9 /home/apoorva/html/laravel/sec-report/vendor/symfony/console/Application.php(186): Symfony\Component\Console\Application->doRunCommand(Object(Illuminate\Database\Console\Migrations\MigrateMakeCommand), Object(Symfony\Component\Console\Input\ArgvInput), Object(Symfony\Component\Console\Output\ConsoleOutput))
#10 /home/apoorva/html/laravel/sec-report/vendor/symfony/console/Application.php(117): Symfony\Component\Console\Application->doRun(Object(Symfony\Component\Console\Input\ArgvInput), Object(Symfony\Component\Console\Output\ConsoleOutput))
#11 /home/apoorva/html/laravel/sec-report/vendor/laravel/framework/src/Illuminate/Foundation/Console/Kernel.php(107): Symfony\Component\Console\Application->run(Object(Symfony\Component\Console\Input\ArgvInput), Object(Symfony\Component\Console\Output\ConsoleOutput))
#12 /home/apoorva/html/laravel/sec-report/artisan(36): Illuminate\Foundation\Console\Kernel->handle(Object(Symfony\Component\Console\Input\ArgvInput), Object(Symfony\Component\Console\Output\ConsoleOutput))
#13 {main}  
